[debug] [2019-11-06T11:12:36.718Z] ----------------------------------------------------------------------
[debug] [2019-11-06T11:12:36.720Z] Command:       /Users/chenyumic/.nvm/versions/node/v10.12.0/bin/node /Users/chenyumic/.nvm/versions/node/v10.12.0/bin/firebase deploy --project tekton-website-258208
[debug] [2019-11-06T11:12:36.720Z] CLI Version:   7.6.1
[debug] [2019-11-06T11:12:36.720Z] Platform:      darwin
[debug] [2019-11-06T11:12:36.720Z] Node Version:  v10.12.0
[debug] [2019-11-06T11:12:36.721Z] Time:          Wed Nov 06 2019 03:12:36 GMT-0800 (Pacific Standard Time)
[debug] [2019-11-06T11:12:36.721Z] ----------------------------------------------------------------------
[debug] [2019-11-06T11:12:36.721Z] 
[debug] [2019-11-06T11:12:36.728Z] > command requires scopes: ["email","openid","https://www.googleapis.com/auth/cloudplatformprojects.readonly","https://www.googleapis.com/auth/firebase","https://www.googleapis.com/auth/cloud-platform"]
[debug] [2019-11-06T11:12:36.728Z] > authorizing via signed-in user
[debug] [2019-11-06T11:12:36.728Z] [iam] checking project tekton-website-258208 for permissions ["firebase.projects.get","firebasehosting.sites.update"]
[debug] [2019-11-06T11:12:36.730Z] >>> HTTP REQUEST POST https://cloudresourcemanager.googleapis.com/v1/projects/tekton-website-258208:testIamPermissions  

[debug] [2019-11-06T11:12:36.824Z] <<< HTTP RESPONSE 200
[debug] [2019-11-06T11:12:36.827Z] >>> HTTP REQUEST GET https://firebase.googleapis.com/v1beta1/projects/tekton-website-258208  
 
[debug] [2019-11-06T11:12:37.023Z] <<< HTTP RESPONSE 200
[info] 
[info] === Deploying to 'tekton-website-258208'...
[info] 
[info] i  deploying hosting
[debug] [2019-11-06T11:12:37.026Z] >>> HTTP REQUEST POST https://firebasehosting.googleapis.com/v1beta1/sites/tekton-website-258208/versions  

[debug] [2019-11-06T11:12:47.412Z] <<< HTTP RESPONSE 503
[debug] [2019-11-06T11:12:47.412Z] <<< HTTP RESPONSE BODY
[error] 
[error] Error: HTTP Error: 503, The service is currently unavailable.
[debug] [2019-11-06T11:12:47.457Z] Error Context: {
  "body": {
    "error": {
      "code": 503,
      "message": "The service is currently unavailable.",
      "status": "UNAVAILABLE",
      "details": [
        {
          "@type": "type.googleapis.com/google.rpc.DebugInfo",
          "detail": "[ORIGINAL ERROR] RPC::DEADLINE_EXCEEDED: "
        }
      ]
    }
  },
  "response": {
    "statusCode": 503,
    "body": {
      "error": {
        "code": 503,
        "message": "The service is currently unavailable.",
        "status": "UNAVAILABLE",
        "details": [
          {
            "@type": "type.googleapis.com/google.rpc.DebugInfo",
            "detail": "[ORIGINAL ERROR] RPC::DEADLINE_EXCEEDED: "
          }
        ]
      }
    },
    "headers": {
      "x-google-esf-cloud-client-params": "backend_service_name: \"firebasehosting.googleapis.com\" backend_fully_qualified_method: \"google.firebase.hosting.v1beta1.MetadataService.CreateVersion\"",
      "x-google-session-info": "CKG8lJKRARoEGBAoCzpxEh5maXJlYmFzZWhvc3RpbmcuZ29vZ2xlYXBpcy5jb20Y_f_5wbMQIkg1NjM1ODQzMzU4NjktZmdyaGdtZDQ3YnFuZWtpajVpOGI1cHIwM2hvODQ5ZTYuYXBwcy5nb29nbGV1c2VyY29udGVudC5jb21KDzoNMS9mODRMa3Yyc29Gfg",
      "vary": "X-Origin, Referer, Origin,Accept-Encoding",
      "content-type": "application/json; charset=UTF-8",
      "date": "Wed, 06 Nov 2019 11:12:47 GMT",
      "server": "ESF",
      "cache-control": "private",
      "x-google-netmon-label": "/bns/ir/borg/ir/bns/firebase-hosting/vesta-prod-esf.server/0",
      "x-google-security-signals": "FRAMEWORK=HTTPSERVER2",
      "x-xss-protection": "0",
      "x-frame-options": "SAMEORIGIN",
      "x-content-type-options": "nosniff",
      "x-google-backends": "[::1]:14283,/bns/ir/borg/ir/bns/firebase-hosting/vesta-prod-esf.server/0.esf,acseam9-v6:443",
      "x-google-gfe-request-trace": "acseam9-v6:443,/bns/ir/borg/ir/bns/firebase-hosting/vesta-prod-esf.server/0.esf,acseam9-v6:443",
      "x-google-dos-service-trace": "main:firebasehosting",
      "x-google-service": "firebasehosting",
      "x-google-gfe-response-code-details-trace": "backend_503_propagated_as_error",
      "x-google-gfe-response-body-transformations": "gunzipped,chunked",
      "x-google-shellfish-status": "CA0gBEBG",
      "alt-svc": "quic=\":443\"; ma=2592000; v=\"46,43\",h3-Q050=\":443\"; ma=2592000,h3-Q049=\":443\"; ma=2592000,h3-Q048=\":443\"; ma=2592000,h3-Q046=\":443\"; ma=2592000,h3-Q043=\":443\"; ma=2592000",
      "x-google-gfe-service-trace": "firebasehosting",
      "accept-ranges": "none",
      "transfer-encoding": "chunked"
    },
    "request": {
      "uri": {
        "protocol": "https:",
        "slashes": true,
        "auth": null,
        "host": "firebasehosting.googleapis.com",
        "port": 443,
        "hostname": "firebasehosting.googleapis.com",
        "hash": null,
        "search": null,
        "query": null,
        "pathname": "/v1beta1/sites/tekton-website-258208/versions",
        "path": "/v1beta1/sites/tekton-website-258208/versions",
        "href": "https://firebasehosting.googleapis.com/v1beta1/sites/tekton-website-258208/versions"
      },
      "method": "POST"
    }
  }
}
